
Running node-supervisor with
  program '--debug index.js'
  --watch '.'
  --extensions 'node,js'
  --exec 'node'

Starting child process with 'node --debug index.js'
Watching directory '/home/everis/proyectos/proto-envman' for changes.
Debugger listening on port 5858
Inicializando Pool de conexiones...
	Creando pool de connexiones para ambiente DESA...
		Creando pool de conexiones para data center DESA...
Mon, 27 Jul 2015 23:44:58 GMT body-parser deprecated bodyParser: use individual json/urlencoded middlewares at app/verify.js:11:9
Publicando servicios de ambiente DESA...
	Publicando GET /sistema/:ambiente/:id?...
	Publicando GET /entidad-canonica/:ambiente/:id?...
	Publicando GET /valor-canonico/:ambiente/:id?...
	Publicando GET /valor-sistema/:ambiente/:id?...
Server listening on port 3000
Templates:
	 - DVM_ENTIDAD_CANONICA-insert-script-despliegue.sql
	 - DVM_SISTEMA-insert-script-despliegue.sql
	 - DVM_SISTEMA-update-script-despliegue.sql
	 - DVM_VALOR_CANONICO-delete-script-rollback.sql
	 - DVM_VALOR_CANONICO-insert-script-despliegue.sql
	 - DVM_VALOR_SISTEMA-insert-script-despliegue.sql
	 - general-body-script-despliegue.sql
	 - general-delete-script-despliegue.sql
	 - general-insert-script-despliegue.sql
	 - general-script-despliegue.sql
	 - general-update-script-despliegue.sql
	 - insert-script-despliegue.sql
	 - update-script-despliegue.sql
Sending SIGINT to child...

Running node-supervisor with
  program '--debug index.js'
  --watch '.'
  --extensions 'node,js'
  --exec 'node'

Starting child process with 'node --debug index.js'
Watching directory '/home/everis/proyectos/proto-envman' for changes.
Debugger listening on port 5858
Inicializando Pool de conexiones...
	Creando pool de connexiones para ambiente DESA...
		Creando pool de conexiones para data center DESA...
Mon, 27 Jul 2015 23:45:49 GMT body-parser deprecated bodyParser: use individual json/urlencoded middlewares at app/verify.js:11:9
Publicando servicios de ambiente DESA...
	Publicando GET /sistema/:ambiente/:id?...
	Publicando GET /entidad-canonica/:ambiente/:id?...
	Publicando GET /valor-canonico/:ambiente/:id?...
	Publicando GET /valor-sistema/:ambiente/:id?...
Server listening on port 3000
Templates:
	 - DVM_ENTIDAD_CANONICA-insert-script-despliegue.sql
	 - DVM_SISTEMA-insert-script-despliegue.sql
	 - DVM_SISTEMA-update-script-despliegue.sql
	 - DVM_VALOR_CANONICO-delete-script-rollback.sql
	 - DVM_VALOR_CANONICO-insert-script-despliegue.sql
	 - DVM_VALOR_SISTEMA-insert-script-despliegue.sql
	 - general-body-script-despliegue.sql
	 - general-delete-script-despliegue.sql
	 - general-insert-script-despliegue.sql
	 - general-script-despliegue.sql
	 - general-update-script-despliegue.sql
	 - insert-script-despliegue.sql
	 - update-script-despliegue.sql
GET - /
GET - /css/normalize.css
GET - /libs/bootstrap/dist/css/bootstrap.min.css
GET - /css/mytable-v2.css
GET - /css/landing-page.css
GET - /libs/jquery/dist/jquery.min.js
GET - /libs/swig.js
GET - /libs/underscore/underscore-min.js
GET - /libs/backbone/backbone.js
GET - /libs/bootstrap/dist/js/bootstrap.min.js
GET - /libs/mytable-v2.js
GET - /libs/expand-import-v2.js
GET - /libs/simple-template-manager.js
GET - /js/init.js
GET - /js/models/job.js
GET - /js/models/sistema.js
GET - /js/models/entidad.js
GET - /js/models/valor-canonico.js
GET - /js/models/valor-sistema.js
GET - /js/collections/jobs.js
GET - /js/collections/sistemas.js
GET - /js/collections/entidades.js
GET - /js/collections/valores-canonicos.js
GET - /js/collections/valores-sistema.js
GET - /js/views/dialog-box.js
GET - /js/views/sistema.js
GET - /js/views/entidad.js
GET - /js/views/valor-canonico.js
GET - /js/views/valor-sistema.js
GET - /js/views/vista-job.js
GET - /js/views/vista-job-table.js
GET - /js/views/sistema-importar.js
GET - /js/views/entidad-importar.js
GET - /js/views/valor-canonico-importar.js
GET - /js/views/valor-sistema-importar.js
GET - /js/views/lista-jobs.js
GET - /js/views/verificar-job.js
GET - /js/views/ver-script-v2.js
GET - /js/views/script.js
GET - /js/views/vista-importar.js
GET - /js/views/tablas-ambiente.js
GET - /js/views/comparar-ambientes.js
GET - /js/views/espera.js
GET - /js/views/landing-page.js
GET - /js/router.js
GET - /js/main.js
GET - /js/crear-tablas.js
GET - /ambientes
GET - /config
GET - /img/dtv-logo.png
GET - /libs/bootstrap/dist/fonts/glyphicons-halflings-regular.woff2
GET - /
GET - /css/normalize.css
GET - /libs/bootstrap/dist/css/bootstrap.min.css
GET - /css/mytable-v2.css
GET - /css/landing-page.css
GET - /libs/jquery/dist/jquery.min.js
GET - /libs/underscore/underscore-min.js
GET - /libs/backbone/backbone.js
GET - /libs/swig.js
GET - /libs/bootstrap/dist/js/bootstrap.min.js
GET - /libs/mytable-v2.js
GET - /libs/expand-import-v2.js
GET - /libs/simple-template-manager.js
GET - /js/init.js
GET - /js/models/job.js
GET - /js/models/sistema.js
GET - /js/models/entidad.js
GET - /js/models/valor-canonico.js
GET - /js/models/valor-sistema.js
GET - /js/collections/jobs.js
GET - /js/collections/sistemas.js
GET - /js/collections/entidades.js
GET - /js/collections/valores-canonicos.js
GET - /js/collections/valores-sistema.js
GET - /js/views/dialog-box.js
GET - /js/views/sistema.js
GET - /js/views/entidad.js
GET - /js/views/valor-canonico.js
GET - /js/views/valor-sistema.js
GET - /js/views/vista-job-table.js
GET - /js/views/vista-job.js
GET - /js/views/sistema-importar.js
GET - /js/views/entidad-importar.js
GET - /js/views/valor-canonico-importar.js
GET - /js/views/valor-sistema-importar.js
GET - /js/views/lista-jobs.js
GET - /js/views/verificar-job.js
GET - /js/views/ver-script-v2.js
GET - /js/views/script.js
GET - /js/views/vista-importar.js
GET - /js/views/tablas-ambiente.js
GET - /js/views/comparar-ambientes.js
GET - /js/views/espera.js
GET - /js/views/landing-page.js
GET - /js/router.js
GET - /js/main.js
GET - /js/crear-tablas.js
GET - /ambientes
GET - /config
GET - /img/dtv-logo.png
GET - /libs/bootstrap/dist/fonts/glyphicons-halflings-regular.woff2
GET - /
GET - /css/normalize.css
GET - /libs/bootstrap/dist/css/bootstrap.min.css
GET - /css/mytable-v2.css
GET - /css/landing-page.css
GET - /libs/jquery/dist/jquery.min.js
GET - /libs/underscore/underscore-min.js
GET - /libs/backbone/backbone.js
GET - /libs/swig.js
GET - /libs/bootstrap/dist/js/bootstrap.min.js
GET - /libs/mytable-v2.js
GET - /libs/expand-import-v2.js
GET - /libs/simple-template-manager.js
GET - /js/init.js
GET - /js/models/job.js
GET - /js/models/sistema.js
GET - /js/models/entidad.js
GET - /js/models/valor-canonico.js
GET - /js/models/valor-sistema.js
GET - /js/collections/jobs.js
GET - /js/collections/sistemas.js
GET - /js/collections/entidades.js
GET - /js/collections/valores-canonicos.js
GET - /js/collections/valores-sistema.js
GET - /js/views/dialog-box.js
GET - /js/views/sistema.js
GET - /js/views/entidad.js
GET - /js/views/valor-canonico.js
GET - /js/views/valor-sistema.js
GET - /js/views/vista-job.js
GET - /js/views/vista-job-table.js
GET - /js/views/sistema-importar.js
GET - /js/views/entidad-importar.js
GET - /js/views/valor-canonico-importar.js
GET - /js/views/valor-sistema-importar.js
GET - /js/views/lista-jobs.js
GET - /js/views/verificar-job.js
GET - /js/views/ver-script-v2.js
GET - /js/views/script.js
GET - /js/views/vista-importar.js
GET - /js/views/tablas-ambiente.js
GET - /js/views/comparar-ambientes.js
GET - /js/views/espera.js
GET - /js/views/landing-page.js
GET - /js/router.js
GET - /js/main.js
GET - /js/crear-tablas.js
GET - /ambientes
GET - /config
GET - /img/dtv-logo.png
GET - /libs/bootstrap/dist/fonts/glyphicons-halflings-regular.woff2
GET - /job
GET - /
GET - /css/normalize.css
GET - /libs/bootstrap/dist/css/bootstrap.min.css
GET - /css/mytable-v2.css
GET - /css/landing-page.css
GET - /libs/jquery/dist/jquery.min.js
GET - /libs/underscore/underscore-min.js
GET - /libs/backbone/backbone.js
GET - /libs/swig.js
GET - /libs/bootstrap/dist/js/bootstrap.min.js
GET - /libs/mytable-v2.js
GET - /libs/expand-import-v2.js
GET - /libs/simple-template-manager.js
GET - /js/init.js
GET - /js/models/job.js
GET - /js/models/sistema.js
GET - /js/models/entidad.js
GET - /js/models/valor-canonico.js
GET - /js/models/valor-sistema.js
GET - /js/collections/entidades.js
GET - /js/collections/jobs.js
GET - /js/collections/sistemas.js
GET - /js/collections/valores-canonicos.js
GET - /js/collections/valores-sistema.js
GET - /js/views/dialog-box.js
GET - /js/views/sistema.js
GET - /js/views/entidad.js
GET - /js/views/valor-canonico.js
GET - /js/views/valor-sistema.js
GET - /js/views/vista-job.js
GET - /js/views/vista-job-table.js
GET - /js/views/sistema-importar.js
GET - /js/views/entidad-importar.js
GET - /js/views/valor-canonico-importar.js
GET - /js/views/valor-sistema-importar.js
GET - /js/views/lista-jobs.js
GET - /js/views/verificar-job.js
GET - /js/views/ver-script-v2.js
GET - /js/views/script.js
GET - /js/views/vista-importar.js
GET - /js/views/tablas-ambiente.js
GET - /js/views/comparar-ambientes.js
GET - /js/views/espera.js
GET - /js/views/landing-page.js
GET - /js/router.js
GET - /js/main.js
GET - /js/crear-tablas.js
GET - /ambientes
GET - /config
GET - /img/dtv-logo.png
GET - /libs/bootstrap/dist/fonts/glyphicons-halflings-regular.woff2
GET - /job
GET - /
GET - /css/normalize.css
GET - /libs/bootstrap/dist/css/bootstrap.min.css
GET - /css/mytable-v2.css
GET - /libs/jquery/dist/jquery.min.js
GET - /css/landing-page.css
GET - /libs/underscore/underscore-min.js
GET - /libs/backbone/backbone.js
GET - /libs/bootstrap/dist/js/bootstrap.min.js
GET - /libs/swig.js
GET - /libs/mytable-v2.js
GET - /libs/expand-import-v2.js
GET - /libs/simple-template-manager.js
GET - /js/init.js
GET - /js/models/job.js
GET - /js/models/sistema.js
GET - /js/models/entidad.js
GET - /js/models/valor-canonico.js
GET - /js/models/valor-sistema.js
GET - /js/collections/jobs.js
GET - /js/collections/sistemas.js
GET - /js/collections/entidades.js
GET - /js/collections/valores-canonicos.js
GET - /js/collections/valores-sistema.js
GET - /js/views/dialog-box.js
GET - /js/views/sistema.js
GET - /js/views/entidad.js
GET - /js/views/valor-canonico.js
GET - /js/views/valor-sistema.js
GET - /js/views/vista-job.js
GET - /js/views/vista-job-table.js
GET - /js/views/sistema-importar.js
GET - /js/views/entidad-importar.js
GET - /js/views/valor-canonico-importar.js
GET - /js/views/valor-sistema-importar.js
GET - /js/views/lista-jobs.js
GET - /js/views/verificar-job.js
GET - /js/views/ver-script-v2.js
GET - /js/views/script.js
GET - /js/views/vista-importar.js
GET - /js/views/tablas-ambiente.js
GET - /js/views/comparar-ambientes.js
GET - /js/views/espera.js
GET - /js/views/landing-page.js
GET - /js/router.js
GET - /js/main.js
GET - /js/crear-tablas.js
GET - /ambientes
GET - /config
GET - /img/dtv-logo.png
GET - /libs/bootstrap/dist/fonts/glyphicons-halflings-regular.woff2
GET - /
GET - /css/normalize.css
GET - /libs/bootstrap/dist/css/bootstrap.min.css
GET - /css/mytable-v2.css
GET - /css/landing-page.css
GET - /libs/jquery/dist/jquery.min.js
GET - /libs/underscore/underscore-min.js
GET - /libs/backbone/backbone.js
GET - /libs/swig.js
GET - /libs/bootstrap/dist/js/bootstrap.min.js
GET - /libs/mytable-v2.js
GET - /libs/expand-import-v2.js
GET - /libs/simple-template-manager.js
GET - /js/init.js
GET - /js/models/job.js
GET - /js/models/sistema.js
GET - /js/models/entidad.js
GET - /js/models/valor-canonico.js
GET - /js/models/valor-sistema.js
GET - /js/collections/jobs.js
GET - /js/collections/sistemas.js
GET - /js/collections/entidades.js
GET - /js/collections/valores-canonicos.js
GET - /js/collections/valores-sistema.js
GET - /js/views/dialog-box.js
GET - /js/views/sistema.js
GET - /js/views/entidad.js
GET - /js/views/valor-canonico.js
GET - /js/views/valor-sistema.js
GET - /js/views/vista-job.js
GET - /js/views/vista-job-table.js
GET - /js/views/sistema-importar.js
GET - /js/views/entidad-importar.js
GET - /js/views/valor-canonico-importar.js
GET - /js/views/valor-sistema-importar.js
GET - /js/views/lista-jobs.js
GET - /js/views/verificar-job.js
GET - /js/views/ver-script-v2.js
GET - /js/views/script.js
GET - /js/views/vista-importar.js
GET - /js/views/tablas-ambiente.js
GET - /js/views/comparar-ambientes.js
GET - /js/views/espera.js
GET - /js/views/landing-page.js
GET - /js/router.js
GET - /js/main.js
GET - /js/crear-tablas.js
GET - /ambientes
GET - /config
GET - /img/dtv-logo.png
GET - /libs/bootstrap/dist/fonts/glyphicons-halflings-regular.woff2
GET - /
GET - /css/normalize.css
GET - /libs/bootstrap/dist/css/bootstrap.min.css
GET - /css/mytable-v2.css
GET - /css/landing-page.css
GET - /libs/jquery/dist/jquery.min.js
GET - /libs/underscore/underscore-min.js
GET - /libs/backbone/backbone.js
GET - /libs/swig.js
GET - /libs/bootstrap/dist/js/bootstrap.min.js
GET - /libs/mytable-v2.js
GET - /libs/expand-import-v2.js
GET - /libs/simple-template-manager.js
GET - /js/init.js
GET - /js/models/job.js
GET - /js/models/sistema.js
GET - /js/models/entidad.js
GET - /js/models/valor-canonico.js
GET - /js/models/valor-sistema.js
GET - /js/collections/jobs.js
GET - /js/collections/sistemas.js
GET - /js/collections/entidades.js
GET - /js/collections/valores-canonicos.js
GET - /js/collections/valores-sistema.js
GET - /js/views/dialog-box.js
GET - /js/views/sistema.js
GET - /js/views/entidad.js
GET - /js/views/valor-canonico.js
GET - /js/views/valor-sistema.js
GET - /js/views/vista-job.js
GET - /js/views/sistema-importar.js
GET - /js/views/vista-job-table.js
GET - /js/views/entidad-importar.js
GET - /js/views/valor-canonico-importar.js
GET - /js/views/valor-sistema-importar.js
GET - /js/views/lista-jobs.js
GET - /js/views/verificar-job.js
GET - /js/views/ver-script-v2.js
GET - /js/views/script.js
GET - /js/views/vista-importar.js
GET - /js/views/tablas-ambiente.js
GET - /js/views/comparar-ambientes.js
GET - /js/views/espera.js
GET - /js/views/landing-page.js
GET - /js/router.js
GET - /js/main.js
GET - /js/crear-tablas.js
GET - /ambientes
GET - /config
GET - /img/dtv-logo.png
GET - /libs/bootstrap/dist/fonts/glyphicons-halflings-regular.woff2
GET - /job
GET - /job/12371
GET - /sistema/DESA
POST - /verificar/12371
Query: SELECT * FROM DVM_SISTEMA ORDER BY ID
Query: select * from DTVLA.DVM_SISTEMA
Query: select * from DTVLA.DVM_ENTIDAD_CANONICA
Query: select * from DTVLA.DVM_VALOR_CANONICO
Query: select * from DTVLA.DVM_VALOR_SISTEMA
GET - /entidad-canonica/DESA
Query: SELECT * FROM DVM_ENTIDAD_CANONICA ORDER BY ID
GET - /valor-canonico/DESA
Query: SELECT * FROM DVM_VALOR_CANONICO ORDER BY ID
GET - /valor-sistema/DESA
Query: SELECT * FROM DVM_VALOR_SISTEMA ORDER BY ID
GET - /sistema/DESA
Query: SELECT * FROM DVM_SISTEMA ORDER BY ID
POST - /verificar/
GET - /entidad-canonica/DESA
Query: SELECT * FROM DVM_ENTIDAD_CANONICA ORDER BY ID
GET - /valor-canonico/DESA
Query: SELECT * FROM DVM_VALOR_CANONICO ORDER BY ID
GET - /valor-sistema/DESA
Query: SELECT * FROM DVM_VALOR_SISTEMA ORDER BY ID

Running node-supervisor with
  program '--debug index.js'
  --watch '.'
  --extensions 'node,js'
  --exec 'node'

Starting child process with 'node --debug index.js'
Watching directory '/home/everis/proyectos/proto-envman' for changes.
Debugger listening on port 5858
Inicializando Pool de conexiones...
	Creando pool de connexiones para ambiente DESA...
		Creando pool de conexiones para data center DESA...
Wed, 29 Jul 2015 19:17:13 GMT body-parser deprecated bodyParser: use individual json/urlencoded middlewares at app/verify.js:11:9
Publicando servicios de ambiente DESA...
	Publicando GET /sistema/:ambiente/:id?...
	Publicando GET /entidad-canonica/:ambiente/:id?...
	Publicando GET /valor-canonico/:ambiente/:id?...
	Publicando GET /valor-sistema/:ambiente/:id?...
Server listening on port 3000
Templates:
	 - DVM_ENTIDAD_CANONICA-insert-script-despliegue.sql
	 - DVM_SISTEMA-insert-script-despliegue.sql
	 - DVM_SISTEMA-update-script-despliegue.sql
	 - DVM_VALOR_CANONICO-delete-script-rollback.sql
	 - DVM_VALOR_CANONICO-insert-script-despliegue.sql
	 - DVM_VALOR_SISTEMA-insert-script-despliegue.sql
	 - general-body-script-despliegue.sql
	 - general-delete-script-despliegue.sql
	 - general-insert-script-despliegue.sql
	 - general-script-despliegue.sql
	 - general-update-script-despliegue.sql
	 - insert-script-despliegue.sql
	 - update-script-despliegue.sql
GET - /
GET - /css/normalize.css
GET - /libs/bootstrap/dist/css/bootstrap.min.css
GET - /css/mytable-v2.css
GET - /css/landing-page.css
GET - /libs/jquery/dist/jquery.min.js
GET - /libs/underscore/underscore-min.js
GET - /libs/backbone/backbone.js
GET - /libs/swig.js
GET - /libs/bootstrap/dist/js/bootstrap.min.js
GET - /libs/mytable-v2.js
GET - /libs/expand-import-v2.js
GET - /libs/simple-template-manager.js
GET - /js/init.js
GET - /js/models/job.js
GET - /js/models/sistema.js
GET - /js/models/entidad.js
GET - /js/models/valor-canonico.js
GET - /js/models/valor-sistema.js
GET - /js/collections/jobs.js
GET - /js/collections/sistemas.js
GET - /js/collections/entidades.js
GET - /js/collections/valores-canonicos.js
GET - /js/collections/valores-sistema.js
GET - /js/views/dialog-box.js
GET - /js/views/sistema.js
GET - /js/views/entidad.js
GET - /js/views/valor-canonico.js
GET - /js/views/valor-sistema.js
GET - /js/views/vista-job.js
GET - /js/views/vista-job-table.js
GET - /js/views/sistema-importar.js
GET - /js/views/entidad-importar.js
GET - /js/views/valor-canonico-importar.js
GET - /js/views/valor-sistema-importar.js
GET - /js/views/lista-jobs.js
GET - /js/views/verificar-job.js
GET - /js/views/ver-script-v2.js
GET - /js/views/script.js
GET - /js/views/vista-importar.js
GET - /js/views/tablas-ambiente.js
GET - /js/views/comparar-ambientes.js
GET - /js/views/espera.js
GET - /js/views/landing-page.js
GET - /js/router.js
GET - /js/main.js
GET - /js/crear-tablas.js
GET - /libs/jquery/dist/jquery.min.map
GET - /libs/underscore/underscore-min.map
GET - /libs/dist/swig.js.map
GET - /ambientes
GET - /config
GET - /img/dtv-logo.png
GET - /libs/bootstrap/dist/fonts/glyphicons-halflings-regular.woff2
GET - /job
GET - /job/12371
POST - /verificar/12371
Query: select * from DTVLA.DVM_VALOR_CANONICO
Query: select * from DTVLA.DVM_VALOR_SISTEMA
Query: select * from DTVLA.DVM_SISTEMA
Query: select * from DTVLA.DVM_ENTIDAD_CANONICA
GET - /sistema/DESA
Query: SELECT * FROM DVM_SISTEMA ORDER BY ID
GET - /entidad-canonica/DESA
Query: SELECT * FROM DVM_ENTIDAD_CANONICA ORDER BY ID
GET - /valor-canonico/DESA
Query: SELECT * FROM DVM_VALOR_CANONICO ORDER BY ID
GET - /valor-sistema/DESA
Query: SELECT * FROM DVM_VALOR_SISTEMA ORDER BY ID
POST - /verificar
Query: select * from DTVLA.DVM_VALOR_SISTEMA
Query: select * from DTVLA.DVM_SISTEMA
Query: select * from DTVLA.DVM_ENTIDAD_CANONICA
Query: select * from DTVLA.DVM_VALOR_CANONICO
POST - /verificar
Query: select * from DTVLA.DVM_VALOR_CANONICO
Query: select * from DTVLA.DVM_ENTIDAD_CANONICA
Query: select * from DTVLA.DVM_VALOR_SISTEMA
Query: select * from DTVLA.DVM_SISTEMA
POST - /generar-script
GET - /
GET - /css/normalize.css
GET - /libs/bootstrap/dist/css/bootstrap.min.css
GET - /css/mytable-v2.css
GET - /css/landing-page.css
GET - /libs/jquery/dist/jquery.min.js
GET - /libs/underscore/underscore-min.js
GET - /libs/swig.js
GET - /libs/backbone/backbone.js
GET - /libs/bootstrap/dist/js/bootstrap.min.js
GET - /libs/mytable-v2.js
GET - /libs/expand-import-v2.js
GET - /libs/simple-template-manager.js
GET - /js/init.js
GET - /js/models/job.js
GET - /js/models/sistema.js
GET - /js/models/entidad.js
GET - /js/models/valor-canonico.js
GET - /js/models/valor-sistema.js
GET - /js/collections/jobs.js
GET - /js/collections/sistemas.js
GET - /js/collections/entidades.js
GET - /js/collections/valores-canonicos.js
GET - /js/collections/valores-sistema.js
GET - /js/views/dialog-box.js
GET - /js/views/sistema.js
GET - /js/views/entidad.js
GET - /js/views/valor-canonico.js
GET - /js/views/valor-sistema.js
GET - /js/views/vista-job.js
GET - /js/views/vista-job-table.js
GET - /js/views/sistema-importar.js
GET - /js/views/entidad-importar.js
GET - /js/views/valor-canonico-importar.js
GET - /js/views/valor-sistema-importar.js
GET - /js/views/lista-jobs.js
GET - /js/views/verificar-job.js
GET - /js/views/ver-script-v2.js
GET - /js/views/script.js
GET - /js/views/vista-importar.js
GET - /js/views/tablas-ambiente.js
GET - /js/views/comparar-ambientes.js
GET - /js/views/espera.js
GET - /js/views/landing-page.js
GET - /js/router.js
GET - /js/main.js
GET - /js/crear-tablas.js
GET - /libs/jquery/dist/jquery.min.map
GET - /libs/underscore/underscore-min.map
GET - /libs/dist/swig.js.map
GET - /ambientes
GET - /config
GET - /img/dtv-logo.png
GET - /libs/bootstrap/dist/fonts/glyphicons-halflings-regular.woff2
GET - /
GET - /css/normalize.css
GET - /libs/bootstrap/dist/css/bootstrap.min.css
GET - /css/mytable-v2.css
GET - /css/landing-page.css
GET - /libs/jquery/dist/jquery.min.js
GET - /libs/underscore/underscore-min.js
GET - /libs/backbone/backbone.js
GET - /libs/swig.js
GET - /libs/bootstrap/dist/js/bootstrap.min.js
GET - /libs/mytable-v2.js
GET - /libs/expand-import-v2.js
GET - /libs/simple-template-manager.js
GET - /js/init.js
GET - /js/models/job.js
GET - /js/models/sistema.js
GET - /js/models/entidad.js
GET - /js/models/valor-canonico.js
GET - /js/models/valor-sistema.js
GET - /js/collections/jobs.js
GET - /js/collections/sistemas.js
GET - /js/collections/entidades.js
GET - /js/collections/valores-canonicos.js
GET - /js/collections/valores-sistema.js
GET - /js/views/dialog-box.js
GET - /js/views/sistema.js
GET - /js/views/entidad.js
GET - /js/views/valor-canonico.js
GET - /js/views/valor-sistema.js
GET - /js/views/vista-job.js
GET - /js/views/vista-job-table.js
GET - /js/views/sistema-importar.js
GET - /js/views/entidad-importar.js
GET - /js/views/valor-canonico-importar.js
GET - /js/views/valor-sistema-importar.js
GET - /js/views/lista-jobs.js
GET - /js/views/verificar-job.js
GET - /js/views/ver-script-v2.js
GET - /js/views/script.js
GET - /js/views/vista-importar.js
GET - /js/views/tablas-ambiente.js
GET - /js/views/comparar-ambientes.js
GET - /js/views/espera.js
GET - /js/views/landing-page.js
GET - /js/router.js
GET - /js/main.js
GET - /js/crear-tablas.js
GET - /ambientes
GET - /config
GET - /img/dtv-logo.png
GET - /libs/bootstrap/dist/fonts/glyphicons-halflings-regular.woff2
GET - /
GET - /css/normalize.css
GET - /libs/bootstrap/dist/css/bootstrap.min.css
GET - /css/mytable-v2.css
GET - /css/landing-page.css
GET - /libs/jquery/dist/jquery.min.js
GET - /libs/underscore/underscore-min.js
GET - /libs/backbone/backbone.js
GET - /libs/swig.js
GET - /libs/bootstrap/dist/js/bootstrap.min.js
GET - /libs/mytable-v2.js
GET - /libs/expand-import-v2.js
GET - /libs/simple-template-manager.js
GET - /js/init.js
GET - /js/models/job.js
GET - /js/models/sistema.js
GET - /js/models/entidad.js
GET - /js/models/valor-canonico.js
GET - /js/models/valor-sistema.js
GET - /js/collections/jobs.js
GET - /js/collections/sistemas.js
GET - /js/collections/entidades.js
GET - /js/collections/valores-canonicos.js
GET - /js/collections/valores-sistema.js
GET - /js/views/dialog-box.js
GET - /js/views/sistema.js
GET - /js/views/entidad.js
GET - /js/views/valor-canonico.js
GET - /js/views/valor-sistema.js
GET - /js/views/vista-job.js
GET - /js/views/vista-job-table.js
GET - /js/views/sistema-importar.js
GET - /js/views/entidad-importar.js
GET - /js/views/valor-canonico-importar.js
GET - /js/views/valor-sistema-importar.js
GET - /js/views/lista-jobs.js
GET - /js/views/verificar-job.js
GET - /js/views/ver-script-v2.js
GET - /js/views/script.js
GET - /js/views/vista-importar.js
GET - /js/views/tablas-ambiente.js
GET - /js/views/comparar-ambientes.js
GET - /js/views/espera.js
GET - /js/views/landing-page.js
GET - /js/router.js
GET - /js/main.js
GET - /js/crear-tablas.js
GET - /ambientes
GET - /config
GET - /img/dtv-logo.png
GET - /libs/bootstrap/dist/fonts/glyphicons-halflings-regular.woff2
GET - /job
GET - /job/12371
POST - /verificar/12371
GET - /sistema/DESA
Query: SELECT * FROM DVM_SISTEMA ORDER BY ID
Query: select * from DTVLA.DVM_VALOR_CANONICO
Query: select * from DTVLA.DVM_VALOR_SISTEMA
Query: select * from DTVLA.DVM_SISTEMA
GET - /entidad-canonica/DESA
Query: select * from DTVLA.DVM_ENTIDAD_CANONICA
Query: SELECT * FROM DVM_ENTIDAD_CANONICA ORDER BY ID
GET - /valor-canonico/DESA
Query: SELECT * FROM DVM_VALOR_CANONICO ORDER BY ID
GET - /valor-sistema/DESA
Query: SELECT * FROM DVM_VALOR_SISTEMA ORDER BY ID
POST - /verificar
Query: select * from DTVLA.DVM_SISTEMA
Query: select * from DTVLA.DVM_VALOR_CANONICO
Query: select * from DTVLA.DVM_ENTIDAD_CANONICA
Query: select * from DTVLA.DVM_VALOR_SISTEMA
POST - /generar-script
POST - /verificar
Query: select * from DTVLA.DVM_SISTEMA
Query: select * from DTVLA.DVM_VALOR_SISTEMA
Query: select * from DTVLA.DVM_VALOR_CANONICO
Query: select * from DTVLA.DVM_ENTIDAD_CANONICA
POST - /generar-script
GET - /
GET - /css/normalize.css
GET - /css/mytable-v2.css
GET - /libs/bootstrap/dist/css/bootstrap.min.css
GET - /css/landing-page.css
GET - /libs/jquery/dist/jquery.min.js
GET - /libs/underscore/underscore-min.js
GET - /libs/backbone/backbone.js
GET - /libs/swig.js
GET - /libs/bootstrap/dist/js/bootstrap.min.js
GET - /libs/expand-import-v2.js
GET - /libs/mytable-v2.js
GET - /libs/simple-template-manager.js
GET - /js/init.js
GET - /js/models/job.js
GET - /js/models/sistema.js
GET - /js/models/entidad.js
GET - /js/models/valor-canonico.js
GET - /js/models/valor-sistema.js
GET - /js/collections/jobs.js
GET - /js/collections/sistemas.js
GET - /js/collections/entidades.js
GET - /js/collections/valores-canonicos.js
GET - /js/collections/valores-sistema.js
GET - /js/views/dialog-box.js
GET - /js/views/sistema.js
GET - /js/views/entidad.js
GET - /js/views/valor-canonico.js
GET - /js/views/valor-sistema.js
GET - /js/views/vista-job.js
GET - /js/views/vista-job-table.js
GET - /js/views/sistema-importar.js
GET - /js/views/entidad-importar.js
GET - /js/views/valor-canonico-importar.js
GET - /js/views/valor-sistema-importar.js
GET - /js/views/lista-jobs.js
GET - /js/views/verificar-job.js
GET - /js/views/ver-script-v2.js
GET - /js/views/tablas-ambiente.js
GET - /js/views/script.js
GET - /js/views/vista-importar.js
GET - /js/views/comparar-ambientes.js
GET - /js/views/landing-page.js
GET - /js/views/espera.js
GET - /js/router.js
GET - /js/main.js
GET - /js/crear-tablas.js
GET - /ambientes
GET - /config
GET - /img/dtv-logo.png
GET - /libs/bootstrap/dist/fonts/glyphicons-halflings-regular.woff2
GET - /job
GET - /
GET - /css/normalize.css
GET - /libs/bootstrap/dist/css/bootstrap.min.css
GET - /css/mytable-v2.css
GET - /css/landing-page.css
GET - /libs/jquery/dist/jquery.min.js
GET - /libs/underscore/underscore-min.js
GET - /libs/backbone/backbone.js
GET - /libs/swig.js
GET - /libs/bootstrap/dist/js/bootstrap.min.js
GET - /libs/mytable-filter.js
GET - /libs/expand-import-v2.js
GET - /libs/simple-template-manager.js
GET - /js/init.js
GET - /js/models/job.js
GET - /js/models/sistema.js
GET - /js/models/entidad.js
GET - /js/models/valor-canonico.js
GET - /js/models/valor-sistema.js
GET - /js/collections/jobs.js
GET - /js/collections/sistemas.js
GET - /js/collections/entidades.js
GET - /js/collections/valores-canonicos.js
GET - /js/collections/valores-sistema.js
GET - /js/views/dialog-box.js
GET - /js/views/sistema.js
GET - /js/views/entidad.js
GET - /js/views/valor-canonico.js
GET - /js/views/valor-sistema.js
GET - /js/views/vista-job.js
GET - /js/views/vista-job-table.js
GET - /js/views/sistema-importar.js
GET - /js/views/entidad-importar.js
GET - /js/views/valor-canonico-importar.js
GET - /js/views/valor-sistema-importar.js
GET - /js/views/lista-jobs.js
GET - /js/views/verificar-job.js
GET - /js/views/ver-script-v2.js
GET - /js/views/script.js
GET - /js/views/vista-importar.js
GET - /js/views/tablas-ambiente.js
GET - /js/views/comparar-ambientes.js
GET - /js/views/espera.js
GET - /js/views/landing-page.js
GET - /js/router.js
GET - /js/main.js
GET - /js/crear-tablas.js
GET - /ambientes
GET - /config
GET - /css/normalize.css
GET - /libs/bootstrap/dist/css/bootstrap.min.css
GET - /css/mytable-v2.css
GET - /css/landing-page.css
GET - /libs/jquery/dist/jquery.min.map
GET - /libs/underscore/underscore-min.map
GET - /libs/dist/swig.js.map
GET - /
GET - /css/normalize.css
GET - /libs/bootstrap/dist/css/bootstrap.min.css
GET - /css/mytable-v2.css
GET - /css/landing-page.css
GET - /libs/jquery/dist/jquery.min.js
GET - /libs/underscore/underscore-min.js
GET - /libs/backbone/backbone.js
GET - /libs/swig.js
GET - /libs/bootstrap/dist/js/bootstrap.min.js
GET - /libs/mytable-filter.js
GET - /libs/expand-import-v2.js
GET - /libs/simple-template-manager.js
GET - /js/init.js
GET - /js/models/job.js
GET - /js/models/sistema.js
GET - /js/models/entidad.js
GET - /js/models/valor-canonico.js
GET - /js/models/valor-sistema.js
GET - /js/collections/jobs.js
GET - /js/collections/sistemas.js
GET - /js/collections/entidades.js
GET - /js/collections/valores-canonicos.js
GET - /js/collections/valores-sistema.js
GET - /js/views/dialog-box.js
GET - /js/views/sistema.js
GET - /js/views/entidad.js
GET - /js/views/valor-canonico.js
GET - /js/views/valor-sistema.js
GET - /js/views/vista-job.js
GET - /js/views/vista-job-table.js
GET - /js/views/sistema-importar.js
GET - /js/views/entidad-importar.js
GET - /js/views/valor-canonico-importar.js
GET - /js/views/valor-sistema-importar.js
GET - /js/views/lista-jobs.js
GET - /js/views/verificar-job.js
GET - /js/views/ver-script-v2.js
GET - /js/views/script.js
GET - /js/views/vista-importar.js
GET - /js/views/tablas-ambiente.js
GET - /js/views/comparar-ambientes.js
GET - /js/views/espera.js
GET - /js/views/landing-page.js
GET - /js/router.js
GET - /js/main.js
GET - /js/crear-tablas.js
GET - /libs/jquery/dist/jquery.min.map
GET - /libs/underscore/underscore-min.map
GET - /libs/dist/swig.js.map
GET - /ambientes
GET - /config
GET - /job
GET - /img/dtv-logo.png
GET - /libs/bootstrap/dist/fonts/glyphicons-halflings-regular.woff2
crashing child
Starting child process with 'node --debug index.js'
Debugger listening on port 5858
Inicializando Pool de conexiones...
	Creando pool de connexiones para ambiente DESA...
		Creando pool de conexiones para data center DESA...
Wed, 29 Jul 2015 23:12:34 GMT body-parser deprecated bodyParser: use individual json/urlencoded middlewares at app/verify.js:11:9
Publicando servicios de ambiente DESA...
	Publicando GET /sistema/:ambiente/:id?...
	Publicando GET /entidad-canonica/:ambiente/:id?...
	Publicando GET /valor-canonico/:ambiente/:id?...
	Publicando GET /valor-sistema/:ambiente/:id?...
Server listening on port 3000
Templates:
	 - DVM_ENTIDAD_CANONICA-insert-script-despliegue.sql
	 - DVM_SISTEMA-insert-script-despliegue.sql
	 - DVM_SISTEMA-update-script-despliegue.sql
	 - DVM_VALOR_CANONICO-delete-script-rollback.sql
	 - DVM_VALOR_CANONICO-insert-script-despliegue.sql
	 - DVM_VALOR_SISTEMA-insert-script-despliegue.sql
	 - general-body-script-despliegue.sql
	 - general-delete-script-despliegue.sql
	 - general-insert-script-despliegue.sql
	 - general-script-despliegue.sql
	 - general-update-script-despliegue.sql
	 - insert-script-despliegue.sql
	 - update-script-despliegue.sql
GET - /
GET - /css/normalize.css
GET - /libs/bootstrap/dist/css/bootstrap.min.css
GET - /css/mytable-v2.css
GET - /css/landing-page.css
GET - /libs/jquery/dist/jquery.min.js
GET - /libs/underscore/underscore-min.js
GET - /libs/backbone/backbone.js
GET - /libs/swig.js
GET - /libs/bootstrap/dist/js/bootstrap.min.js
GET - /libs/mytable-filter.js
GET - /libs/expand-import-v2.js
GET - /libs/simple-template-manager.js
GET - /js/init.js
GET - /js/models/job.js
GET - /js/models/sistema.js
GET - /js/models/entidad.js
GET - /js/models/valor-canonico.js
GET - /js/models/valor-sistema.js
GET - /js/collections/jobs.js
GET - /js/collections/sistemas.js
GET - /js/collections/entidades.js
GET - /js/collections/valores-canonicos.js
GET - /js/collections/valores-sistema.js
GET - /js/views/dialog-box.js
GET - /js/views/sistema.js
GET - /js/views/entidad.js
GET - /js/views/valor-canonico.js
GET - /js/views/valor-sistema.js
GET - /js/views/vista-job.js
GET - /js/views/vista-job-table.js
GET - /js/views/sistema-importar.js
GET - /js/views/entidad-importar.js
GET - /js/views/valor-canonico-importar.js
GET - /js/views/valor-sistema-importar.js
GET - /js/views/lista-jobs.js
GET - /js/views/verificar-job.js
GET - /js/views/ver-script-v2.js
GET - /js/views/script.js
GET - /js/views/vista-importar.js
GET - /js/views/tablas-ambiente.js
GET - /js/views/comparar-ambientes.js
GET - /js/views/espera.js
GET - /js/views/landing-page.js
GET - /js/router.js
GET - /js/main.js
GET - /js/crear-tablas.js
GET - /libs/jquery/dist/jquery.min.map
GET - /libs/underscore/underscore-min.map
GET - /libs/dist/swig.js.map
GET - /ambientes
GET - /config
GET - /job
GET - /
GET - /css/normalize.css
GET - /libs/bootstrap/dist/css/bootstrap.min.css
GET - /css/mytable-v2.css
GET - /css/landing-page.css
GET - /libs/jquery/dist/jquery.min.js
GET - /libs/underscore/underscore-min.js
GET - /libs/backbone/backbone.js
GET - /libs/swig.js
GET - /libs/bootstrap/dist/js/bootstrap.min.js
GET - /libs/mytable-filter.js
GET - /libs/expand-import-v2.js
GET - /libs/simple-template-manager.js
GET - /js/init.js
GET - /js/models/job.js
GET - /js/models/sistema.js
GET - /js/models/entidad.js
GET - /js/models/valor-canonico.js
GET - /js/models/valor-sistema.js
GET - /js/collections/jobs.js
GET - /js/collections/sistemas.js
GET - /js/collections/entidades.js
GET - /js/collections/valores-canonicos.js
GET - /js/collections/valores-sistema.js
GET - /js/views/dialog-box.js
GET - /js/views/sistema.js
GET - /js/views/entidad.js
GET - /js/views/valor-canonico.js
GET - /js/views/valor-sistema.js
GET - /js/views/vista-job.js
GET - /js/views/vista-job-table.js
GET - /js/views/sistema-importar.js
GET - /js/views/entidad-importar.js
GET - /js/views/valor-canonico-importar.js
GET - /js/views/valor-sistema-importar.js
GET - /js/views/lista-jobs.js
GET - /js/views/verificar-job.js
GET - /js/views/ver-script-v2.js
GET - /js/views/script.js
GET - /js/views/vista-importar.js
GET - /js/views/tablas-ambiente.js
GET - /js/views/comparar-ambientes.js
GET - /js/views/espera.js
GET - /js/views/landing-page.js
GET - /js/router.js
GET - /js/main.js
GET - /js/crear-tablas.js
GET - /libs/jquery/dist/jquery.min.map
GET - /libs/underscore/underscore-min.map
GET - /libs/dist/swig.js.map
GET - /ambientes
GET - /config
GET - /job
GET - /
GET - /css/normalize.css
GET - /libs/bootstrap/dist/css/bootstrap.min.css
GET - /css/mytable-v2.css
GET - /css/landing-page.css
GET - /libs/jquery/dist/jquery.min.js
GET - /libs/underscore/underscore-min.js
GET - /libs/backbone/backbone.js
GET - /libs/swig.js
GET - /libs/bootstrap/dist/js/bootstrap.min.js
GET - /libs/mytable-filter.js
GET - /libs/expand-import-v2.js
GET - /libs/simple-template-manager.js
GET - /js/init.js
GET - /js/models/job.js
GET - /js/models/sistema.js
GET - /js/models/entidad.js
GET - /js/models/valor-canonico.js
GET - /js/models/valor-sistema.js
GET - /js/collections/jobs.js
GET - /js/collections/sistemas.js
GET - /js/collections/entidades.js
GET - /js/collections/valores-canonicos.js
GET - /js/collections/valores-sistema.js
GET - /js/views/dialog-box.js
GET - /js/views/sistema.js
GET - /js/views/entidad.js
GET - /js/views/valor-canonico.js
GET - /js/views/valor-sistema.js
GET - /js/views/vista-job.js
GET - /js/views/vista-job-table.js
GET - /js/views/sistema-importar.js
GET - /js/views/entidad-importar.js
GET - /js/views/valor-canonico-importar.js
GET - /js/views/valor-sistema-importar.js
GET - /js/views/lista-jobs.js
GET - /js/views/verificar-job.js
GET - /js/views/ver-script-v2.js
GET - /js/views/script.js
GET - /js/views/vista-importar.js
GET - /js/views/tablas-ambiente.js
GET - /js/views/comparar-ambientes.js
GET - /js/views/espera.js
GET - /js/views/landing-page.js
GET - /js/router.js
GET - /js/main.js
GET - /js/crear-tablas.js
GET - /libs/jquery/dist/jquery.min.map
GET - /libs/underscore/underscore-min.map
GET - /libs/dist/swig.js.map
GET - /ambientes
GET - /config
GET - /job
GET - /img/dtv-logo.png
GET - /libs/bootstrap/dist/fonts/glyphicons-halflings-regular.woff2
GET - /
GET - /css/normalize.css
GET - /libs/bootstrap/dist/css/bootstrap.min.css
GET - /css/mytable-v2.css
GET - /css/landing-page.css
GET - /libs/jquery/dist/jquery.min.js
GET - /libs/underscore/underscore-min.js
GET - /libs/backbone/backbone.js
GET - /libs/swig.js
GET - /libs/bootstrap/dist/js/bootstrap.min.js
GET - /libs/mytable-filter.js
GET - /libs/expand-import-v2.js
GET - /libs/simple-template-manager.js
GET - /js/init.js
GET - /js/models/job.js
GET - /js/models/sistema.js
GET - /js/models/entidad.js
GET - /js/models/valor-canonico.js
GET - /js/models/valor-sistema.js
GET - /js/collections/jobs.js
GET - /js/collections/sistemas.js
GET - /js/collections/entidades.js
GET - /js/collections/valores-canonicos.js
GET - /js/collections/valores-sistema.js
GET - /js/views/dialog-box.js
GET - /js/views/sistema.js
GET - /js/views/entidad.js
GET - /js/views/valor-canonico.js
GET - /js/views/valor-sistema.js
GET - /js/views/vista-job.js
GET - /js/views/vista-job-table.js
GET - /js/views/sistema-importar.js
GET - /js/views/entidad-importar.js
GET - /js/views/valor-canonico-importar.js
GET - /js/views/valor-sistema-importar.js
GET - /js/views/lista-jobs.js
GET - /js/views/verificar-job.js
GET - /js/views/ver-script-v2.js
GET - /js/views/script.js
GET - /js/views/vista-importar.js
GET - /js/views/tablas-ambiente.js
GET - /js/views/comparar-ambientes.js
GET - /js/views/espera.js
GET - /js/views/landing-page.js
GET - /js/router.js
GET - /js/main.js
GET - /js/crear-tablas.js
GET - /libs/jquery/dist/jquery.min.map
GET - /libs/underscore/underscore-min.map
GET - /libs/dist/swig.js.map
GET - /ambientes
GET - /config
GET - /job
GET - /img/dtv-logo.png
GET - /libs/bootstrap/dist/fonts/glyphicons-halflings-regular.woff2
GET - /
GET - /css/normalize.css
GET - /libs/bootstrap/dist/css/bootstrap.min.css
GET - /css/mytable-v2.css
GET - /css/landing-page.css
GET - /libs/jquery/dist/jquery.min.js
GET - /libs/underscore/underscore-min.js
GET - /libs/backbone/backbone.js
GET - /libs/swig.js
GET - /libs/bootstrap/dist/js/bootstrap.min.js
GET - /libs/mytable-filter.js
GET - /libs/expand-import-v2.js
GET - /libs/simple-template-manager.js
GET - /js/init.js
GET - /js/models/job.js
GET - /js/models/sistema.js
GET - /js/models/entidad.js
GET - /js/models/valor-canonico.js
GET - /js/models/valor-sistema.js
GET - /js/collections/jobs.js
GET - /js/collections/sistemas.js
GET - /js/collections/entidades.js
GET - /js/collections/valores-canonicos.js
GET - /js/collections/valores-sistema.js
GET - /js/views/dialog-box.js
GET - /js/views/sistema.js
GET - /js/views/entidad.js
GET - /js/views/valor-canonico.js
GET - /js/views/valor-sistema.js
GET - /js/views/vista-job.js
GET - /js/views/vista-job-table.js
GET - /js/views/sistema-importar.js
GET - /js/views/entidad-importar.js
GET - /js/views/valor-canonico-importar.js
GET - /js/views/valor-sistema-importar.js
GET - /js/views/lista-jobs.js
GET - /js/views/verificar-job.js
GET - /js/views/ver-script-v2.js
GET - /js/views/script.js
GET - /js/views/vista-importar.js
GET - /js/views/tablas-ambiente.js
GET - /js/views/comparar-ambientes.js
GET - /js/views/espera.js
GET - /js/views/landing-page.js
GET - /js/router.js
GET - /js/main.js
GET - /js/crear-tablas.js
GET - /libs/jquery/dist/jquery.min.map
GET - /libs/underscore/underscore-min.map
GET - /libs/dist/swig.js.map
GET - /ambientes
GET - /config
GET - /job
GET - /img/dtv-logo.png
GET - /libs/bootstrap/dist/fonts/glyphicons-halflings-regular.woff2
GET - /
GET - /css/normalize.css
GET - /libs/bootstrap/dist/css/bootstrap.min.css
GET - /css/mytable-v2.css
GET - /css/landing-page.css
GET - /libs/jquery/dist/jquery.min.js
GET - /libs/underscore/underscore-min.js
GET - /libs/backbone/backbone.js
GET - /libs/swig.js
GET - /libs/bootstrap/dist/js/bootstrap.min.js
GET - /libs/mytable-filter.js
GET - /libs/expand-import-v2.js
GET - /libs/simple-template-manager.js
GET - /js/init.js
GET - /js/models/job.js
GET - /js/models/sistema.js
GET - /js/models/entidad.js
GET - /js/models/valor-canonico.js
GET - /js/models/valor-sistema.js
GET - /js/collections/jobs.js
GET - /js/collections/sistemas.js
GET - /js/collections/entidades.js
GET - /js/collections/valores-canonicos.js
GET - /js/collections/valores-sistema.js
GET - /js/views/dialog-box.js
GET - /js/views/sistema.js
GET - /js/views/entidad.js
GET - /js/views/valor-canonico.js
GET - /js/views/valor-sistema.js
GET - /js/views/vista-job.js
GET - /js/views/vista-job-table.js
GET - /js/views/sistema-importar.js
GET - /js/views/entidad-importar.js
GET - /js/views/valor-canonico-importar.js
GET - /js/views/valor-sistema-importar.js
GET - /js/views/lista-jobs.js
GET - /js/views/verificar-job.js
GET - /js/views/ver-script-v2.js
GET - /js/views/script.js
GET - /js/views/vista-importar.js
GET - /js/views/tablas-ambiente.js
GET - /js/views/comparar-ambientes.js
GET - /js/views/espera.js
GET - /js/views/landing-page.js
GET - /js/router.js
GET - /js/main.js
GET - /js/crear-tablas.js
GET - /libs/jquery/dist/jquery.min.map
GET - /libs/underscore/underscore-min.map
GET - /libs/dist/swig.js.map
GET - /ambientes
GET - /config
GET - /job
GET - /img/dtv-logo.png
GET - /libs/bootstrap/dist/fonts/glyphicons-halflings-regular.woff2
GET - /
GET - /css/normalize.css
GET - /libs/bootstrap/dist/css/bootstrap.min.css
GET - /css/mytable-v2.css
GET - /css/landing-page.css
GET - /libs/jquery/dist/jquery.min.js
GET - /libs/underscore/underscore-min.js
GET - /libs/backbone/backbone.js
GET - /libs/swig.js
GET - /libs/bootstrap/dist/js/bootstrap.min.js
GET - /libs/mytable-filter.js
GET - /libs/expand-import-v2.js
GET - /libs/simple-template-manager.js
GET - /js/init.js
GET - /js/models/job.js
GET - /js/models/sistema.js
GET - /js/models/entidad.js
GET - /js/models/valor-canonico.js
GET - /js/models/valor-sistema.js
GET - /js/collections/jobs.js
GET - /js/collections/sistemas.js
GET - /js/collections/entidades.js
GET - /js/collections/valores-canonicos.js
GET - /js/collections/valores-sistema.js
GET - /js/views/dialog-box.js
GET - /js/views/sistema.js
GET - /js/views/entidad.js
GET - /js/views/valor-canonico.js
GET - /js/views/valor-sistema.js
GET - /js/views/vista-job.js
GET - /js/views/vista-job-table.js
GET - /js/views/sistema-importar.js
GET - /js/views/entidad-importar.js
GET - /js/views/valor-canonico-importar.js
GET - /js/views/valor-sistema-importar.js
GET - /js/views/lista-jobs.js
GET - /js/views/verificar-job.js
GET - /js/views/ver-script-v2.js
GET - /js/views/script.js
GET - /js/views/vista-importar.js
GET - /js/views/tablas-ambiente.js
GET - /js/views/comparar-ambientes.js
GET - /js/views/espera.js
GET - /js/views/landing-page.js
GET - /js/router.js
GET - /js/main.js
GET - /js/crear-tablas.js
GET - /libs/jquery/dist/jquery.min.map
GET - /libs/underscore/underscore-min.map
GET - /libs/dist/swig.js.map
GET - /ambientes
GET - /config
GET - /job
GET - /img/dtv-logo.png
GET - /libs/bootstrap/dist/fonts/glyphicons-halflings-regular.woff2
GET - /
GET - /css/normalize.css
GET - /libs/bootstrap/dist/css/bootstrap.min.css
GET - /css/mytable-v2.css
GET - /css/landing-page.css
GET - /libs/jquery/dist/jquery.min.js
GET - /libs/underscore/underscore-min.js
GET - /libs/backbone/backbone.js
GET - /libs/swig.js
GET - /libs/bootstrap/dist/js/bootstrap.min.js
GET - /libs/mytable-filter.js
GET - /libs/expand-import-v2.js
GET - /libs/simple-template-manager.js
GET - /js/init.js
GET - /js/models/job.js
GET - /js/models/sistema.js
GET - /js/models/entidad.js
GET - /js/models/valor-canonico.js
GET - /js/models/valor-sistema.js
GET - /js/collections/jobs.js
GET - /js/collections/sistemas.js
GET - /js/collections/entidades.js
GET - /js/collections/valores-canonicos.js
GET - /js/collections/valores-sistema.js
GET - /js/views/dialog-box.js
GET - /js/views/sistema.js
GET - /js/views/valor-canonico.js
GET - /js/views/entidad.js
GET - /js/views/valor-sistema.js
GET - /js/views/vista-job.js
GET - /js/views/vista-job-table.js
GET - /js/views/sistema-importar.js
GET - /js/views/entidad-importar.js
GET - /js/views/valor-sistema-importar.js
GET - /js/views/valor-canonico-importar.js
GET - /js/views/lista-jobs.js
GET - /js/views/verificar-job.js
GET - /js/views/ver-script-v2.js
GET - /js/views/script.js
GET - /js/views/vista-importar.js
GET - /js/views/tablas-ambiente.js
GET - /js/views/comparar-ambientes.js
GET - /js/views/espera.js
GET - /js/views/landing-page.js
GET - /js/router.js
GET - /js/main.js
GET - /js/crear-tablas.js
GET - /libs/jquery/dist/jquery.min.map
GET - /libs/underscore/underscore-min.map
GET - /libs/dist/swig.js.map
GET - /ambientes
GET - /config
GET - /
GET - /css/normalize.css
GET - /libs/bootstrap/dist/css/bootstrap.min.css
GET - /css/mytable-v2.css
GET - /css/landing-page.css
GET - /libs/jquery/dist/jquery.min.js
GET - /libs/underscore/underscore-min.js
GET - /libs/backbone/backbone.js
GET - /libs/swig.js
GET - /libs/bootstrap/dist/js/bootstrap.min.js
GET - /libs/mytable-filter.js
GET - /libs/expand-import-v2.js
GET - /libs/simple-template-manager.js
GET - /js/init.js
GET - /js/models/job.js
GET - /js/models/sistema.js
GET - /js/models/entidad.js
GET - /js/models/valor-canonico.js
GET - /js/models/valor-sistema.js
GET - /js/collections/jobs.js
GET - /js/collections/sistemas.js
GET - /js/collections/entidades.js
GET - /js/collections/valores-canonicos.js
GET - /js/collections/valores-sistema.js
GET - /js/views/entidad.js
GET - /js/views/dialog-box.js
GET - /js/views/sistema.js
GET - /js/views/vista-job.js
GET - /js/views/valor-canonico.js
GET - /js/views/valor-sistema.js
GET - /js/views/vista-job-table.js
GET - /js/views/entidad-importar.js
GET - /js/views/sistema-importar.js
GET - /js/views/valor-sistema-importar.js
GET - /js/views/valor-canonico-importar.js
GET - /js/views/lista-jobs.js
GET - /js/views/verificar-job.js
GET - /js/views/ver-script-v2.js
GET - /js/views/script.js
GET - /js/views/vista-importar.js
GET - /js/views/tablas-ambiente.js
GET - /js/views/comparar-ambientes.js
GET - /js/views/espera.js
GET - /js/views/landing-page.js
GET - /js/router.js
GET - /js/main.js
GET - /js/crear-tablas.js
GET - /libs/jquery/dist/jquery.min.map
GET - /libs/underscore/underscore-min.map
GET - /libs/dist/swig.js.map
GET - /ambientes
GET - /config
GET - /job
GET - /img/dtv-logo.png
GET - /libs/bootstrap/dist/fonts/glyphicons-halflings-regular.woff2
GET - /
GET - /css/normalize.css
GET - /libs/bootstrap/dist/css/bootstrap.min.css
GET - /css/mytable-v2.css
GET - /css/landing-page.css
GET - /libs/jquery/dist/jquery.min.js
GET - /libs/underscore/underscore-min.js
GET - /libs/backbone/backbone.js
GET - /libs/swig.js
GET - /libs/bootstrap/dist/js/bootstrap.min.js
GET - /libs/mytable-filter.js
GET - /libs/expand-import-v2.js
GET - /libs/simple-template-manager.js
GET - /js/init.js
GET - /js/models/job.js
GET - /js/models/sistema.js
GET - /js/models/entidad.js
GET - /js/models/valor-canonico.js
GET - /js/models/valor-sistema.js
GET - /js/collections/jobs.js
GET - /js/collections/sistemas.js
GET - /js/collections/entidades.js
GET - /js/collections/valores-canonicos.js
GET - /js/collections/valores-sistema.js
GET - /js/views/dialog-box.js
GET - /js/views/sistema.js
GET - /js/views/entidad.js
GET - /js/views/valor-canonico.js
GET - /js/views/valor-sistema.js
GET - /js/views/vista-job.js
GET - /js/views/vista-job-table.js
GET - /js/views/sistema-importar.js
GET - /js/views/entidad-importar.js
GET - /js/views/valor-canonico-importar.js
GET - /js/views/valor-sistema-importar.js
GET - /js/views/lista-jobs.js
GET - /js/views/verificar-job.js
GET - /js/views/ver-script-v2.js
GET - /js/views/script.js
GET - /js/views/vista-importar.js
GET - /js/views/tablas-ambiente.js
GET - /js/views/comparar-ambientes.js
GET - /js/views/espera.js
GET - /js/views/landing-page.js
GET - /js/router.js
GET - /js/main.js
GET - /js/crear-tablas.js
GET - /libs/jquery/dist/jquery.min.map
GET - /libs/underscore/underscore-min.map
GET - /libs/dist/swig.js.map
GET - /ambientes
GET - /config
GET - /job
GET - /
GET - /
GET - /
GET - /img/dtv-logo.png
GET - /css/normalize.css
GET - /libs/bootstrap/dist/css/bootstrap.min.css
GET - /css/mytable-v2.css
GET - /css/landing-page.css
GET - /libs/jquery/dist/jquery.min.js
GET - /libs/underscore/underscore-min.js
GET - /libs/backbone/backbone.js
GET - /libs/swig.js
GET - /libs/bootstrap/dist/js/bootstrap.min.js
GET - /libs/mytable-filter.js
GET - /libs/expand-import-v2.js
GET - /libs/simple-template-manager.js
GET - /js/init.js
GET - /js/models/job.js
GET - /js/models/sistema.js
GET - /js/models/entidad.js
GET - /js/models/valor-canonico.js
GET - /js/models/valor-sistema.js
GET - /js/collections/jobs.js
GET - /js/collections/valores-canonicos.js
GET - /js/collections/sistemas.js
GET - /js/collections/entidades.js
GET - /js/collections/valores-sistema.js
GET - /js/views/dialog-box.js
GET - /js/views/sistema.js
GET - /js/views/entidad.js
GET - /js/views/valor-canonico.js
GET - /js/views/valor-sistema.js
GET - /js/views/vista-job.js
GET - /js/views/vista-job-table.js
GET - /js/views/sistema-importar.js
GET - /js/views/entidad-importar.js
GET - /js/views/valor-canonico-importar.js
GET - /js/views/valor-sistema-importar.js
GET - /js/views/lista-jobs.js
GET - /js/views/verificar-job.js
GET - /js/views/ver-script-v2.js
GET - /js/views/script.js
GET - /js/views/vista-importar.js
GET - /js/views/tablas-ambiente.js
GET - /js/views/comparar-ambientes.js
GET - /js/views/espera.js
GET - /js/views/landing-page.js
GET - /js/router.js
GET - /js/main.js
GET - /js/crear-tablas.js
GET - /libs/jquery/dist/jquery.min.map
GET - /libs/underscore/underscore-min.map
GET - /libs/dist/swig.js.map
GET - /ambientes
GET - /config
GET - /job
GET - /img/dtv-logo.png
GET - /libs/bootstrap/dist/fonts/glyphicons-halflings-regular.woff2
GET - /
GET - /css/normalize.css
GET - /libs/bootstrap/dist/css/bootstrap.min.css
GET - /css/mytable-v2.css
GET - /css/landing-page.css
GET - /libs/jquery/dist/jquery.min.js
GET - /libs/underscore/underscore-min.js
GET - /libs/backbone/backbone.js
GET - /libs/swig.js
GET - /libs/bootstrap/dist/js/bootstrap.min.js
GET - /libs/mytable-filter.js
GET - /libs/expand-import-v2.js
GET - /libs/simple-template-manager.js
GET - /js/init.js
GET - /js/models/job.js
GET - /js/models/sistema.js
GET - /js/models/entidad.js
GET - /js/models/valor-canonico.js
GET - /js/models/valor-sistema.js
GET - /js/collections/jobs.js
GET - /js/collections/sistemas.js
GET - /js/collections/entidades.js
GET - /js/collections/valores-canonicos.js
GET - /js/collections/valores-sistema.js
GET - /js/views/dialog-box.js
GET - /js/views/sistema.js
GET - /js/views/entidad.js
GET - /js/views/valor-canonico.js
GET - /js/views/valor-sistema.js
GET - /js/views/vista-job.js
GET - /js/views/vista-job-table.js
GET - /js/views/sistema-importar.js
GET - /js/views/entidad-importar.js
GET - /js/views/valor-canonico-importar.js
GET - /js/views/valor-sistema-importar.js
GET - /js/views/lista-jobs.js
GET - /js/views/verificar-job.js
GET - /js/views/ver-script-v2.js
GET - /js/views/script.js
GET - /js/views/vista-importar.js
GET - /js/views/tablas-ambiente.js
GET - /js/views/comparar-ambientes.js
GET - /js/views/espera.js
GET - /js/views/landing-page.js
GET - /js/router.js
GET - /js/main.js
GET - /js/crear-tablas.js
GET - /libs/jquery/dist/jquery.min.map
GET - /libs/underscore/underscore-min.map
GET - /libs/dist/swig.js.map
GET - /ambientes
GET - /config
GET - /job
GET - /img/dtv-logo.png
GET - /libs/bootstrap/dist/fonts/glyphicons-halflings-regular.woff2
GET - /
GET - /css/normalize.css
GET - /libs/bootstrap/dist/css/bootstrap.min.css
GET - /css/mytable-v2.css
GET - /css/landing-page.css
GET - /libs/jquery/dist/jquery.min.js
GET - /libs/underscore/underscore-min.js
GET - /libs/backbone/backbone.js
GET - /libs/swig.js
GET - /libs/bootstrap/dist/js/bootstrap.min.js
GET - /libs/mytable-filter.js
GET - /libs/expand-import-v2.js
GET - /libs/simple-template-manager.js
GET - /js/init.js
GET - /js/models/job.js
GET - /js/models/sistema.js
GET - /js/models/entidad.js
GET - /js/models/valor-canonico.js
GET - /js/models/valor-sistema.js
GET - /js/collections/jobs.js
GET - /js/collections/sistemas.js
GET - /js/collections/entidades.js
GET - /js/collections/valores-canonicos.js
GET - /js/collections/valores-sistema.js
GET - /js/views/dialog-box.js
GET - /js/views/sistema.js
GET - /js/views/entidad.js
GET - /js/views/valor-canonico.js
GET - /js/views/valor-sistema.js
GET - /js/views/vista-job.js
GET - /js/views/vista-job-table.js
GET - /js/views/sistema-importar.js
GET - /js/views/entidad-importar.js
GET - /js/views/valor-canonico-importar.js
GET - /js/views/valor-sistema-importar.js
GET - /js/views/lista-jobs.js
GET - /js/views/verificar-job.js
GET - /js/views/ver-script-v2.js
GET - /js/views/script.js
GET - /js/views/vista-importar.js
GET - /js/views/tablas-ambiente.js
GET - /js/views/comparar-ambientes.js
GET - /js/views/espera.js
GET - /js/views/landing-page.js
GET - /js/router.js
GET - /js/main.js
GET - /js/crear-tablas.js
GET - /libs/jquery/dist/jquery.min.map
GET - /libs/underscore/underscore-min.map
GET - /libs/dist/swig.js.map
GET - /ambientes
GET - /config
GET - /job
GET - /img/dtv-logo.png
GET - /libs/bootstrap/dist/fonts/glyphicons-halflings-regular.woff2
GET - /
GET - /css/normalize.css
GET - /libs/bootstrap/dist/css/bootstrap.min.css
GET - /css/mytable-v2.css
GET - /css/landing-page.css
GET - /libs/jquery/dist/jquery.min.js
GET - /libs/underscore/underscore-min.js
GET - /libs/backbone/backbone.js
GET - /libs/swig.js
GET - /libs/bootstrap/dist/js/bootstrap.min.js
GET - /libs/mytable-filter.js
GET - /libs/expand-import-v2.js
GET - /libs/simple-template-manager.js
GET - /js/init.js
GET - /js/models/job.js
GET - /js/models/sistema.js
GET - /js/models/entidad.js
GET - /js/models/valor-canonico.js
GET - /js/models/valor-sistema.js
GET - /js/collections/jobs.js
GET - /js/collections/sistemas.js
GET - /js/collections/entidades.js
GET - /js/collections/valores-canonicos.js
GET - /js/collections/valores-sistema.js
GET - /js/views/dialog-box.js
GET - /js/views/sistema.js
GET - /js/views/entidad.js
GET - /js/views/valor-canonico.js
GET - /js/views/valor-sistema.js
GET - /js/views/vista-job.js
GET - /js/views/vista-job-table.js
GET - /js/views/sistema-importar.js
GET - /js/views/entidad-importar.js
GET - /js/views/valor-canonico-importar.js
GET - /js/views/valor-sistema-importar.js
GET - /js/views/lista-jobs.js
GET - /js/views/verificar-job.js
GET - /js/views/ver-script-v2.js
GET - /js/views/script.js
GET - /js/views/vista-importar.js
GET - /js/views/tablas-ambiente.js
GET - /js/views/comparar-ambientes.js
GET - /js/views/espera.js
GET - /js/views/landing-page.js
GET - /js/router.js
GET - /js/main.js
GET - /js/crear-tablas.js
GET - /libs/jquery/dist/jquery.min.map
GET - /libs/underscore/underscore-min.map
GET - /libs/dist/swig.js.map
GET - /ambientes
GET - /config
GET - /job
GET - /img/dtv-logo.png
GET - /libs/bootstrap/dist/fonts/glyphicons-halflings-regular.woff2
GET - /
GET - /css/normalize.css
GET - /libs/bootstrap/dist/css/bootstrap.min.css
GET - /css/mytable-v2.css
GET - /css/landing-page.css
GET - /libs/jquery/dist/jquery.min.js
GET - /libs/underscore/underscore-min.js
GET - /libs/backbone/backbone.js
GET - /libs/swig.js
GET - /libs/bootstrap/dist/js/bootstrap.min.js
GET - /libs/mytable-filter.js
GET - /libs/expand-import-v2.js
GET - /libs/simple-template-manager.js
GET - /js/init.js
GET - /js/models/job.js
GET - /js/models/sistema.js
GET - /js/models/entidad.js
GET - /js/models/valor-canonico.js
GET - /js/models/valor-sistema.js
GET - /js/collections/jobs.js
GET - /js/collections/sistemas.js
GET - /js/collections/entidades.js
GET - /js/collections/valores-sistema.js
GET - /js/collections/valores-canonicos.js
GET - /js/views/dialog-box.js
GET - /js/views/sistema.js
GET - /js/views/entidad.js
GET - /js/views/valor-canonico.js
GET - /js/views/valor-sistema.js
GET - /js/views/vista-job.js
GET - /js/views/vista-job-table.js
GET - /js/views/sistema-importar.js
GET - /js/views/entidad-importar.js
GET - /js/views/valor-canonico-importar.js
GET - /js/views/valor-sistema-importar.js
GET - /js/views/lista-jobs.js
GET - /js/views/verificar-job.js
GET - /js/views/ver-script-v2.js
GET - /js/views/script.js
GET - /js/views/vista-importar.js
GET - /js/views/tablas-ambiente.js
GET - /js/views/comparar-ambientes.js
GET - /js/views/espera.js
GET - /js/views/landing-page.js
GET - /js/router.js
GET - /js/main.js
GET - /js/crear-tablas.js
GET - /libs/jquery/dist/jquery.min.map
GET - /libs/underscore/underscore-min.map
GET - /libs/dist/swig.js.map
GET - /ambientes
GET - /config
GET - /job
GET - /
GET - /img/dtv-logo.png
GET - /css/normalize.css
GET - /libs/bootstrap/dist/css/bootstrap.min.css
GET - /css/mytable-v2.css
GET - /css/landing-page.css
GET - /libs/jquery/dist/jquery.min.js
GET - /libs/underscore/underscore-min.js
GET - /libs/backbone/backbone.js
GET - /libs/swig.js
GET - /libs/bootstrap/dist/js/bootstrap.min.js
GET - /libs/mytable-filter.js
GET - /libs/expand-import-v2.js
GET - /libs/simple-template-manager.js
GET - /js/init.js
GET - /js/models/job.js
GET - /js/models/sistema.js
GET - /js/models/entidad.js
GET - /js/models/valor-canonico.js
GET - /js/models/valor-sistema.js
GET - /js/collections/jobs.js
GET - /js/collections/sistemas.js
GET - /js/collections/entidades.js
GET - /js/collections/valores-canonicos.js
GET - /js/collections/valores-sistema.js
GET - /js/views/dialog-box.js
GET - /js/views/sistema.js
GET - /js/views/entidad.js
GET - /js/views/valor-canonico.js
GET - /js/views/valor-sistema.js
GET - /js/views/vista-job.js
GET - /js/views/vista-job-table.js
GET - /js/views/sistema-importar.js
GET - /js/views/entidad-importar.js
GET - /js/views/valor-canonico-importar.js
GET - /js/views/valor-sistema-importar.js
GET - /js/views/lista-jobs.js
GET - /js/views/ver-script-v2.js
GET - /js/views/verificar-job.js
GET - /js/views/script.js
GET - /js/views/vista-importar.js
GET - /js/views/tablas-ambiente.js
GET - /js/views/espera.js
GET - /js/views/comparar-ambientes.js
GET - /js/views/landing-page.js
GET - /js/router.js
GET - /js/main.js
GET - /js/crear-tablas.js
GET - /libs/jquery/dist/jquery.min.map
GET - /libs/underscore/underscore-min.map
GET - /libs/dist/swig.js.map
GET - /ambientes
GET - /config
GET - /job
GET - /img/dtv-logo.png
GET - /libs/bootstrap/dist/fonts/glyphicons-halflings-regular.woff2
GET - /
GET - /css/normalize.css
GET - /libs/bootstrap/dist/css/bootstrap.min.css
GET - /css/mytable-v2.css
GET - /css/landing-page.css
GET - /libs/jquery/dist/jquery.min.js
GET - /libs/underscore/underscore-min.js
GET - /libs/backbone/backbone.js
GET - /libs/swig.js
GET - /libs/bootstrap/dist/js/bootstrap.min.js
GET - /libs/mytable-filter.js
GET - /libs/expand-import-v2.js
GET - /libs/simple-template-manager.js
GET - /js/init.js
GET - /js/models/job.js
GET - /js/models/sistema.js
GET - /js/models/entidad.js
GET - /js/models/valor-canonico.js
GET - /js/models/valor-sistema.js
GET - /js/collections/jobs.js
GET - /js/collections/sistemas.js
GET - /js/collections/entidades.js
GET - /js/collections/valores-canonicos.js
GET - /js/collections/valores-sistema.js
GET - /js/views/dialog-box.js
GET - /js/views/sistema.js
GET - /js/views/entidad.js
GET - /js/views/valor-canonico.js
GET - /js/views/valor-sistema.js
GET - /js/views/vista-job.js
GET - /js/views/vista-job-table.js
GET - /js/views/sistema-importar.js
GET - /js/views/entidad-importar.js
GET - /js/views/valor-canonico-importar.js
GET - /js/views/valor-sistema-importar.js
GET - /js/views/lista-jobs.js
GET - /js/views/verificar-job.js
GET - /js/views/ver-script-v2.js
GET - /js/views/script.js
GET - /js/views/vista-importar.js
GET - /js/views/tablas-ambiente.js
GET - /js/views/comparar-ambientes.js
GET - /js/views/espera.js
GET - /js/views/landing-page.js
GET - /js/router.js
GET - /js/main.js
GET - /js/crear-tablas.js
GET - /libs/jquery/dist/jquery.min.map
GET - /libs/underscore/underscore-min.map
GET - /libs/dist/swig.js.map
GET - /ambientes
GET - /config
GET - /job
GET - /img/dtv-logo.png
GET - /libs/bootstrap/dist/fonts/glyphicons-halflings-regular.woff2
GET - /
GET - /css/normalize.css
GET - /libs/bootstrap/dist/css/bootstrap.min.css
GET - /css/mytable-v2.css
GET - /css/landing-page.css
GET - /libs/jquery/dist/jquery.min.js
GET - /libs/underscore/underscore-min.js
GET - /libs/backbone/backbone.js
GET - /libs/swig.js
GET - /libs/bootstrap/dist/js/bootstrap.min.js
GET - /libs/mytable-filter.js
GET - /libs/expand-import-v2.js
GET - /libs/simple-template-manager.js
GET - /js/init.js
GET - /js/models/job.js
GET - /js/models/sistema.js
GET - /js/models/entidad.js
GET - /js/models/valor-canonico.js
GET - /js/models/valor-sistema.js
GET - /js/collections/jobs.js
GET - /js/collections/sistemas.js
GET - /js/collections/entidades.js
GET - /js/collections/valores-canonicos.js
GET - /js/collections/valores-sistema.js
GET - /js/views/dialog-box.js
GET - /js/views/sistema.js
GET - /js/views/entidad.js
GET - /js/views/valor-canonico.js
GET - /js/views/valor-sistema.js
GET - /js/views/vista-job.js
GET - /js/views/vista-job-table.js
GET - /js/views/sistema-importar.js
GET - /js/views/entidad-importar.js
GET - /js/views/valor-canonico-importar.js
GET - /js/views/valor-sistema-importar.js
GET - /js/views/lista-jobs.js
GET - /js/views/verificar-job.js
GET - /js/views/ver-script-v2.js
GET - /js/views/script.js
GET - /js/views/vista-importar.js
GET - /js/views/tablas-ambiente.js
GET - /js/views/comparar-ambientes.js
GET - /js/views/espera.js
GET - /js/views/landing-page.js
GET - /js/router.js
GET - /js/main.js
GET - /js/crear-tablas.js
GET - /libs/jquery/dist/jquery.min.map
GET - /libs/underscore/underscore-min.map
GET - /libs/dist/swig.js.map
GET - /ambientes
GET - /config
GET - /job
GET - /img/dtv-logo.png
GET - /libs/bootstrap/dist/fonts/glyphicons-halflings-regular.woff2
GET - /
GET - /css/normalize.css
GET - /libs/bootstrap/dist/css/bootstrap.min.css
GET - /css/mytable-v2.css
GET - /css/landing-page.css
GET - /libs/jquery/dist/jquery.min.js
GET - /libs/underscore/underscore-min.js
GET - /libs/backbone/backbone.js
GET - /libs/swig.js
GET - /libs/bootstrap/dist/js/bootstrap.min.js
GET - /libs/mytable-filter.js
GET - /libs/expand-import-v2.js
GET - /libs/simple-template-manager.js
GET - /js/init.js
GET - /js/models/job.js
GET - /js/models/sistema.js
GET - /js/models/entidad.js
GET - /js/models/valor-canonico.js
GET - /js/models/valor-sistema.js
GET - /js/collections/jobs.js
GET - /js/collections/sistemas.js
GET - /js/collections/entidades.js
GET - /js/collections/valores-canonicos.js
GET - /js/collections/valores-sistema.js
GET - /js/views/dialog-box.js
GET - /js/views/sistema.js
GET - /js/views/entidad.js
GET - /js/views/valor-canonico.js
GET - /js/views/valor-sistema.js
GET - /js/views/vista-job.js
GET - /js/views/vista-job-table.js
GET - /js/views/sistema-importar.js
GET - /js/views/entidad-importar.js
GET - /js/views/lista-jobs.js
GET - /js/views/valor-canonico-importar.js
GET - /js/views/valor-sistema-importar.js
GET - /js/views/verificar-job.js
GET - /js/views/ver-script-v2.js
GET - /js/views/script.js
GET - /js/views/vista-importar.js
GET - /js/views/tablas-ambiente.js
GET - /js/views/comparar-ambientes.js
GET - /js/views/espera.js
GET - /js/views/landing-page.js
GET - /js/router.js
GET - /js/main.js
GET - /js/crear-tablas.js
GET - /libs/jquery/dist/jquery.min.map
GET - /libs/underscore/underscore-min.map
GET - /libs/dist/swig.js.map
GET - /ambientes
GET - /config
GET - /job
GET - /img/dtv-logo.png
GET - /libs/bootstrap/dist/fonts/glyphicons-halflings-regular.woff2
GET - /
GET - /css/normalize.css
GET - /libs/bootstrap/dist/css/bootstrap.min.css
GET - /css/mytable-v2.css
GET - /css/landing-page.css
GET - /libs/jquery/dist/jquery.min.js
GET - /libs/underscore/underscore-min.js
GET - /libs/backbone/backbone.js
GET - /libs/swig.js
GET - /libs/bootstrap/dist/js/bootstrap.min.js
GET - /libs/mytable-filter.js
GET - /libs/expand-import-v2.js
GET - /libs/simple-template-manager.js
GET - /js/init.js
GET - /js/models/job.js
GET - /js/models/sistema.js
GET - /js/models/entidad.js
GET - /js/models/valor-canonico.js
GET - /js/models/valor-sistema.js
GET - /js/collections/jobs.js
GET - /js/collections/sistemas.js
GET - /js/collections/entidades.js
GET - /js/collections/valores-canonicos.js
GET - /js/collections/valores-sistema.js
GET - /js/views/dialog-box.js
GET - /js/views/sistema.js
GET - /js/views/entidad.js
GET - /js/views/valor-canonico.js
GET - /js/views/valor-sistema.js
GET - /js/views/vista-job.js
GET - /js/views/vista-job-table.js
GET - /js/views/sistema-importar.js
GET - /js/views/entidad-importar.js
GET - /js/views/valor-canonico-importar.js
GET - /js/views/valor-sistema-importar.js
GET - /js/views/lista-jobs.js
GET - /js/views/verificar-job.js
GET - /js/views/ver-script-v2.js
GET - /js/views/script.js
GET - /js/views/vista-importar.js
GET - /js/views/tablas-ambiente.js
GET - /js/views/comparar-ambientes.js
GET - /js/views/espera.js
GET - /js/views/landing-page.js
GET - /js/router.js
GET - /js/main.js
GET - /js/crear-tablas.js
GET - /libs/jquery/dist/jquery.min.map
GET - /libs/underscore/underscore-min.map
GET - /libs/dist/swig.js.map
GET - /ambientes
GET - /config
GET - /job
GET - /img/dtv-logo.png
GET - /libs/bootstrap/dist/fonts/glyphicons-halflings-regular.woff2
GET - /job/12371
POST - /verificar/12371
GET - /sistema/DESA
Query: SELECT * FROM DVM_SISTEMA ORDER BY ID
Query: select * from DTVLA.DVM_SISTEMA
Query: select * from DTVLA.DVM_ENTIDAD_CANONICA
Query: select * from DTVLA.DVM_VALOR_CANONICO
Query: select * from DTVLA.DVM_VALOR_SISTEMA
GET - /entidad-canonica/DESA
Query: SELECT * FROM DVM_ENTIDAD_CANONICA ORDER BY ID
GET - /valor-canonico/DESA
Query: SELECT * FROM DVM_VALOR_CANONICO ORDER BY ID
GET - /valor-sistema/DESA
Query: SELECT * FROM DVM_VALOR_SISTEMA ORDER BY ID
GET - /job/12361
GET - /sistema/DESA
Query: SELECT * FROM DVM_SISTEMA ORDER BY ID
POST - /verificar/12361
Query: select * from DTVLA.DVM_ENTIDAD_CANONICA
Query: select * from DTVLA.DVM_VALOR_SISTEMA
Query: select * from DTVLA.DVM_SISTEMA
Query: select * from DTVLA.DVM_VALOR_CANONICO
GET - /entidad-canonica/DESA
Query: SELECT * FROM DVM_ENTIDAD_CANONICA ORDER BY ID
GET - /valor-canonico/DESA
Query: SELECT * FROM DVM_VALOR_CANONICO ORDER BY ID
GET - /valor-sistema/DESA
Query: SELECT * FROM DVM_VALOR_SISTEMA ORDER BY ID
